[debug] [2020-06-10T07:45:05.842Z] ----------------------------------------------------------------------
[debug] [2020-06-10T07:45:05.845Z] Command:       /Users/jhonelrios/.nvm/versions/node/v8.17.0/bin/node /usr/local/bin/firebase emulators:start --only functions
[debug] [2020-06-10T07:45:05.846Z] CLI Version:   8.4.2
[debug] [2020-06-10T07:45:05.846Z] Platform:      darwin
[debug] [2020-06-10T07:45:05.846Z] Node Version:  v8.17.0
[debug] [2020-06-10T07:45:05.849Z] Time:          Wed Jun 10 2020 02:45:05 GMT-0500 (-05)
[debug] [2020-06-10T07:45:05.849Z] ----------------------------------------------------------------------
[debug] [2020-06-10T07:45:05.849Z] 
[debug] [2020-06-10T07:45:05.871Z] > command requires scopes: ["email","openid","https://www.googleapis.com/auth/cloudplatformprojects.readonly","https://www.googleapis.com/auth/firebase","https://www.googleapis.com/auth/cloud-platform"]
[debug] [2020-06-10T07:45:05.872Z] > authorizing via signed-in user
[info] i  emulators: Starting emulators: functions {"metadata":{"emulator":{"name":"hub"},"message":"Starting emulators: functions"}}
[debug] [2020-06-10T07:45:05.932Z] [hub] writing locator at /var/folders/c0/j75wzxs51sv73sjr4v_wb4g80000gn/T/hub-instaclon-96907.json
[info] ✔  functions: Using node@8 from host. {"metadata":{"emulator":{"name":"functions"},"message":"Using node@8 from host."}}
[debug] [2020-06-10T07:45:06.239Z] Ignoring unsupported arg: auto_download {"metadata":{"emulator":{"name":"ui"},"message":"Ignoring unsupported arg: auto_download"}}
[debug] [2020-06-10T07:45:06.240Z] Ignoring unsupported arg: port {"metadata":{"emulator":{"name":"ui"},"message":"Ignoring unsupported arg: port"}}
[debug] [2020-06-10T07:45:06.240Z] Starting Emulator UI with command {"binary":"node","args":["/Users/jhonelrios/.cache/firebase/emulators/ui-v1.0.0/server.bundle.js"],"optionalArgs":[],"joinArgs":false} {"metadata":{"emulator":{"name":"ui"},"message":"Starting Emulator UI with command {\"binary\":\"node\",\"args\":[\"/Users/jhonelrios/.cache/firebase/emulators/ui-v1.0.0/server.bundle.js\"],\"optionalArgs\":[],\"joinArgs\":false}"}}
[info] i  ui: Emulator UI logging to ui-debug.log {"metadata":{"emulator":{"name":"ui"},"message":"Emulator UI logging to \u001b[1mui-debug.log\u001b[22m"}}
[debug] [2020-06-10T07:45:06.438Z] Web / API server started at http://localhost:4000
 {"metadata":{"emulator":{"name":"ui"},"message":"Web / API server started at http://localhost:4000\n"}}
[info] i  functions: Watching "/Users/jhonelrios/Documents/Proyectos/Instaclon/functions" for Cloud Functions... {"metadata":{"emulator":{"name":"functions"},"message":"Watching \"/Users/jhonelrios/Documents/Proyectos/Instaclon/functions\" for Cloud Functions..."}}
[debug] [2020-06-10T07:45:06.520Z] [worker-pool] addWorker(~diagnostic~) {"metadata":{"emulator":{"name":"functions"},"message":"[worker-pool] addWorker(~diagnostic~)"}}
[debug] [2020-06-10T07:45:06.520Z] [worker-pool] Adding worker with key ~diagnostic~, total=1 {"metadata":{"emulator":{"name":"functions"},"message":"[worker-pool] Adding worker with key ~diagnostic~, total=1"}}
[debug] [2020-06-10T07:45:06.520Z] [worker-pool] submitWork(triggerId=) {"metadata":{"emulator":{"name":"functions"},"message":"[worker-pool] submitWork(triggerId=)"}}
[debug] [2020-06-10T07:45:06.521Z] [worker-~diagnostic~-959e80ae-597d-4299-a473-1f91b07280e3]: Assigning socketPath: /var/folders/c0/j75wzxs51sv73sjr4v_wb4g80000gn/T/fire_emu_5793.sock {"metadata":{"emulator":{"name":"functions"},"message":"[worker-~diagnostic~-959e80ae-597d-4299-a473-1f91b07280e3]: Assigning socketPath: /var/folders/c0/j75wzxs51sv73sjr4v_wb4g80000gn/T/fire_emu_5793.sock"}}
[debug] [2020-06-10T07:45:06.522Z] [worker-~diagnostic~-959e80ae-597d-4299-a473-1f91b07280e3]: BUSY {"metadata":{"emulator":{"name":"functions"},"message":"[worker-~diagnostic~-959e80ae-597d-4299-a473-1f91b07280e3]: BUSY"}}
[debug] [2020-06-10T07:45:06.963Z] [runtime-status] [5793] Functions runtime initialized. {"cwd":"/Users/jhonelrios/Documents/Proyectos/Instaclon/functions","node_version":"8.17.0"} {"metadata":{"emulator":{"name":"functions"},"message":"[runtime-status] [5793] Functions runtime initialized. {\"cwd\":\"/Users/jhonelrios/Documents/Proyectos/Instaclon/functions\",\"node_version\":\"8.17.0\"}"}}
[debug] [2020-06-10T07:45:06.965Z] [runtime-status] [5793] Disabled runtime features: undefined {"metadata":{"emulator":{"name":"functions"},"message":"[runtime-status] [5793] Disabled runtime features: undefined"}}
[debug] [2020-06-10T07:45:06.967Z] [runtime-status] [5793] Resolved module firebase-admin {"declared":true,"installed":true,"version":"8.12.1","resolution":"/Users/jhonelrios/Documents/Proyectos/Instaclon/functions/node_modules/firebase-admin/lib/index.js"} {"metadata":{"emulator":{"name":"functions"},"message":"[runtime-status] [5793] Resolved module firebase-admin {\"declared\":true,\"installed\":true,\"version\":\"8.12.1\",\"resolution\":\"/Users/jhonelrios/Documents/Proyectos/Instaclon/functions/node_modules/firebase-admin/lib/index.js\"}"}}
[debug] [2020-06-10T07:45:06.968Z] [runtime-status] [5793] Resolved module firebase-functions {"declared":true,"installed":true,"version":"3.6.2","resolution":"/Users/jhonelrios/Documents/Proyectos/Instaclon/functions/node_modules/firebase-functions/lib/index.js"} {"metadata":{"emulator":{"name":"functions"},"message":"[runtime-status] [5793] Resolved module firebase-functions {\"declared\":true,\"installed\":true,\"version\":\"3.6.2\",\"resolution\":\"/Users/jhonelrios/Documents/Proyectos/Instaclon/functions/node_modules/firebase-functions/lib/index.js\"}"}}
[warn] ⚠  functions: Your GOOGLE_APPLICATION_CREDENTIALS environment variable points to key.json. Non-emulated services will access production using these credentials. Be careful! {"metadata":{"emulator":{"name":"functions"},"message":"Your GOOGLE_APPLICATION_CREDENTIALS environment variable points to key.json. Non-emulated services will access production using these credentials. Be careful!"}}
[debug] [2020-06-10T07:45:06.986Z] [runtime-status] [5793] Outgoing network have been stubbed. [{"name":"http","status":"mocked"},{"name":"http","status":"mocked"},{"name":"https","status":"mocked"},{"name":"https","status":"mocked"},{"name":"net","status":"mocked"}] {"metadata":{"emulator":{"name":"functions"},"message":"[runtime-status] [5793] Outgoing network have been stubbed. [{\"name\":\"http\",\"status\":\"mocked\"},{\"name\":\"http\",\"status\":\"mocked\"},{\"name\":\"https\",\"status\":\"mocked\"},{\"name\":\"https\",\"status\":\"mocked\"},{\"name\":\"net\",\"status\":\"mocked\"}]"}}
[debug] [2020-06-10T07:45:06.987Z] [runtime-status] [5793] Resolved module firebase-functions {"declared":true,"installed":true,"version":"3.6.2","resolution":"/Users/jhonelrios/Documents/Proyectos/Instaclon/functions/node_modules/firebase-functions/lib/index.js"} {"metadata":{"emulator":{"name":"functions"},"message":"[runtime-status] [5793] Resolved module firebase-functions {\"declared\":true,\"installed\":true,\"version\":\"3.6.2\",\"resolution\":\"/Users/jhonelrios/Documents/Proyectos/Instaclon/functions/node_modules/firebase-functions/lib/index.js\"}"}}
[debug] [2020-06-10T07:45:07.128Z] [runtime-status] [5793] Checked functions.config() {"config":{}} {"metadata":{"emulator":{"name":"functions"},"message":"[runtime-status] [5793] Checked functions.config() {\"config\":{}}"}}
[debug] [2020-06-10T07:45:07.129Z] [runtime-status] [5793] firebase-functions has been stubbed. {"functionsResolution":{"declared":true,"installed":true,"version":"3.6.2","resolution":"/Users/jhonelrios/Documents/Proyectos/Instaclon/functions/node_modules/firebase-functions/lib/index.js"}} {"metadata":{"emulator":{"name":"functions"},"message":"[runtime-status] [5793] firebase-functions has been stubbed. {\"functionsResolution\":{\"declared\":true,\"installed\":true,\"version\":\"3.6.2\",\"resolution\":\"/Users/jhonelrios/Documents/Proyectos/Instaclon/functions/node_modules/firebase-functions/lib/index.js\"}}"}}
[debug] [2020-06-10T07:45:07.130Z] [runtime-status] [5793] Resolved module firebase-functions {"declared":true,"installed":true,"version":"3.6.2","resolution":"/Users/jhonelrios/Documents/Proyectos/Instaclon/functions/node_modules/firebase-functions/lib/index.js"} {"metadata":{"emulator":{"name":"functions"},"message":"[runtime-status] [5793] Resolved module firebase-functions {\"declared\":true,\"installed\":true,\"version\":\"3.6.2\",\"resolution\":\"/Users/jhonelrios/Documents/Proyectos/Instaclon/functions/node_modules/firebase-functions/lib/index.js\"}"}}
[debug] [2020-06-10T07:45:07.133Z] [runtime-status] [5793] Resolved module firebase-admin {"declared":true,"installed":true,"version":"8.12.1","resolution":"/Users/jhonelrios/Documents/Proyectos/Instaclon/functions/node_modules/firebase-admin/lib/index.js"} {"metadata":{"emulator":{"name":"functions"},"message":"[runtime-status] [5793] Resolved module firebase-admin {\"declared\":true,\"installed\":true,\"version\":\"8.12.1\",\"resolution\":\"/Users/jhonelrios/Documents/Proyectos/Instaclon/functions/node_modules/firebase-admin/lib/index.js\"}"}}
[debug] [2020-06-10T07:45:07.133Z] [runtime-status] [5793] Resolved module firebase-functions {"declared":true,"installed":true,"version":"3.6.2","resolution":"/Users/jhonelrios/Documents/Proyectos/Instaclon/functions/node_modules/firebase-functions/lib/index.js"} {"metadata":{"emulator":{"name":"functions"},"message":"[runtime-status] [5793] Resolved module firebase-functions {\"declared\":true,\"installed\":true,\"version\":\"3.6.2\",\"resolution\":\"/Users/jhonelrios/Documents/Proyectos/Instaclon/functions/node_modules/firebase-functions/lib/index.js\"}"}}
[debug] [2020-06-10T07:45:07.134Z] [runtime-status] [5793] firebase-admin has been stubbed. {"adminResolution":{"declared":true,"installed":true,"version":"8.12.1","resolution":"/Users/jhonelrios/Documents/Proyectos/Instaclon/functions/node_modules/firebase-admin/lib/index.js"}} {"metadata":{"emulator":{"name":"functions"},"message":"[runtime-status] [5793] firebase-admin has been stubbed. {\"adminResolution\":{\"declared\":true,\"installed\":true,\"version\":\"8.12.1\",\"resolution\":\"/Users/jhonelrios/Documents/Proyectos/Instaclon/functions/node_modules/firebase-admin/lib/index.js\"}}"}}
[debug] [2020-06-10T07:45:07.644Z] [runtime-status] [5793] initializeApp(DEFAULT) {"credential":{"implicit":true,"projectId":"instaclon-96907","privateKey":"-----BEGIN PRIVATE KEY-----\nMIIEvgIBADANBgkqhkiG9w0BAQEFAASCBKgwggSkAgEAAoIBAQDR+H5017ov5VbY\nbgjHqT/T+ekzQy5HZiXHWdwBA19tTcV/hTKb5r0ZdIjXuDXs6vRc2g0HO2DZRU4J\nMKnts0AFvljDev/iv+J51FDbb/RSGAfJf8B2RVA6DL/dJOBTpw+S/TnYY/vPnS2C\nQFJkOLG2oJlmKPJxFZfCM8eBPWArpBjxm7wQyb91YT+NiMNlRyXrLv92qGp4yltF\nPIh7ZpdR5dU6URXKu++Mu6DVmQvHoxVlQnypxLc1dWa5UTvfUlfKWhK7jrfcwK9g\nqIzp5/bkym31yo2UG/OE4VLrdiJPQFoldkqTG5+SGRrxtCdMNIl8PLMyDl1Yrt4H\nClgpe5OpAgMBAAECggEAAKBOJKQp3Ik0tYxuD1+TmDRk8kxw8T3eft/BFN0Xj7bW\n6Zh/DDFHhWTDbYNE4LOnR8/PQ9ZOcmKiYJgjm/9RtLXhEJb63hUzUQ7/SiKlSgmW\naMH7BxwRtaHPZt+WIXtWA+eOukGIFEUt4Z2cyuQ5ZKfjdTpjiLW0BpxknxMACN+t\nxvk1xX3ifG5vJEPzbzTQAKRK0aJMJ5gIX/+35CvFBpoSF/kGjU2SFwTn9iMGNskW\nABknoZFJe0K/RyzQolnGtTSDps+sfR9GCewHAfzjgVmtPq4Yeek9hozyb57uh7Yg\n+bwM/nAbRM64jnnoKNlckIiXnyiX4rTpJcj9MwI1AQKBgQDvOqFZzTcCcB39orPA\nB3pRK0nygGJP9niMVJyEQsPmhuxbph2unglECf5qnju87NqADuzfi00f4tnJBO5X\nSoj+CZ38IDvESLuUejusfmEBWiZdK5ag3qMlxGAozyyk7XDkqJBuFFhArZvPan1x\n4R+kpCNN0Li/+feD44QNw3fXKQKBgQDgsMXu3lFX0U2CXCOqrwL6yyp0uqgXYHpS\nZvlbiITU2YSU1NBqWJyss+1fSaejUuRem7814K+3nLRzkMTaimzu5darGrvuinE2\n74HcJKv4TnqurVWUBtqpvpNjZApr+H2t225OEcmVXJyD6zL+kA5C9aBMXKo8P50F\nAeFXkKPogQKBgQCiOAehdV6P8KbljqaE2I1A7TG/lv8TafZkchuQNBXTBDrSCtql\nxdRSptQ2SAYKHjIsE/LbwwIRVSqI/ScBWjF60dqnVNQyTX+lNx2v4iK1YAQTubLy\ncwX+XiM2iQWk8L1U0FjfzDvr381/4J4f0qA6bHLkGVyuETqd3HF3Q8zHwQKBgQDU\nCh6QgJ81B6Fkzz0de1GNiaNES04L2ZE2KFVT6y6ni6qRpZAVfBBG7vmoveKEv9oh\n6kr1Nle9KBYnJUyQjKemf6IpEO6fe2jCFh5vuO/NQYqHQ66KJjm+jMmctzEamYNJ\nSdX7uM+Ks75Ew/X4w8uhpxkiVyST/NhafF7C+w2jgQKBgAg6cKoazLxDzdXV1NOH\n/VHRZb+krJcqbro3kGZ/iGZdWleq2MJidO3QPhU64ETn1z3TO+4qcg1lkhAt/5y2\nq8C1tPJRbF2nkoe6IEXal9gd00PjuSpMxA02BIoJNGGOhqXaP40eTHhBhlPkGPLa\ntaCTN2aGAKfL7ZGxwwqvLr6H\n-----END PRIVATE KEY-----\n","clientEmail":"firebase-adminsdk-x9gsk@instaclon-96907.iam.gserviceaccount.com","httpClient":{"retry":{"maxRetries":4,"statusCodes":[503],"ioErrorCodes":["ECONNRESET","ETIMEDOUT"],"backOffFactor":0.5,"maxDelayInMillis":60000}}}} {"metadata":{"emulator":{"name":"functions"},"message":"[runtime-status] [5793] initializeApp(DEFAULT) {\"credential\":{\"implicit\":true,\"projectId\":\"instaclon-96907\",\"privateKey\":\"-----BEGIN PRIVATE KEY-----\\nMIIEvgIBADANBgkqhkiG9w0BAQEFAASCBKgwggSkAgEAAoIBAQDR+H5017ov5VbY\\nbgjHqT/T+ekzQy5HZiXHWdwBA19tTcV/hTKb5r0ZdIjXuDXs6vRc2g0HO2DZRU4J\\nMKnts0AFvljDev/iv+J51FDbb/RSGAfJf8B2RVA6DL/dJOBTpw+S/TnYY/vPnS2C\\nQFJkOLG2oJlmKPJxFZfCM8eBPWArpBjxm7wQyb91YT+NiMNlRyXrLv92qGp4yltF\\nPIh7ZpdR5dU6URXKu++Mu6DVmQvHoxVlQnypxLc1dWa5UTvfUlfKWhK7jrfcwK9g\\nqIzp5/bkym31yo2UG/OE4VLrdiJPQFoldkqTG5+SGRrxtCdMNIl8PLMyDl1Yrt4H\\nClgpe5OpAgMBAAECggEAAKBOJKQp3Ik0tYxuD1+TmDRk8kxw8T3eft/BFN0Xj7bW\\n6Zh/DDFHhWTDbYNE4LOnR8/PQ9ZOcmKiYJgjm/9RtLXhEJb63hUzUQ7/SiKlSgmW\\naMH7BxwRtaHPZt+WIXtWA+eOukGIFEUt4Z2cyuQ5ZKfjdTpjiLW0BpxknxMACN+t\\nxvk1xX3ifG5vJEPzbzTQAKRK0aJMJ5gIX/+35CvFBpoSF/kGjU2SFwTn9iMGNskW\\nABknoZFJe0K/RyzQolnGtTSDps+sfR9GCewHAfzjgVmtPq4Yeek9hozyb57uh7Yg\\n+bwM/nAbRM64jnnoKNlckIiXnyiX4rTpJcj9MwI1AQKBgQDvOqFZzTcCcB39orPA\\nB3pRK0nygGJP9niMVJyEQsPmhuxbph2unglECf5qnju87NqADuzfi00f4tnJBO5X\\nSoj+CZ38IDvESLuUejusfmEBWiZdK5ag3qMlxGAozyyk7XDkqJBuFFhArZvPan1x\\n4R+kpCNN0Li/+feD44QNw3fXKQKBgQDgsMXu3lFX0U2CXCOqrwL6yyp0uqgXYHpS\\nZvlbiITU2YSU1NBqWJyss+1fSaejUuRem7814K+3nLRzkMTaimzu5darGrvuinE2\\n74HcJKv4TnqurVWUBtqpvpNjZApr+H2t225OEcmVXJyD6zL+kA5C9aBMXKo8P50F\\nAeFXkKPogQKBgQCiOAehdV6P8KbljqaE2I1A7TG/lv8TafZkchuQNBXTBDrSCtql\\nxdRSptQ2SAYKHjIsE/LbwwIRVSqI/ScBWjF60dqnVNQyTX+lNx2v4iK1YAQTubLy\\ncwX+XiM2iQWk8L1U0FjfzDvr381/4J4f0qA6bHLkGVyuETqd3HF3Q8zHwQKBgQDU\\nCh6QgJ81B6Fkzz0de1GNiaNES04L2ZE2KFVT6y6ni6qRpZAVfBBG7vmoveKEv9oh\\n6kr1Nle9KBYnJUyQjKemf6IpEO6fe2jCFh5vuO/NQYqHQ66KJjm+jMmctzEamYNJ\\nSdX7uM+Ks75Ew/X4w8uhpxkiVyST/NhafF7C+w2jgQKBgAg6cKoazLxDzdXV1NOH\\n/VHRZb+krJcqbro3kGZ/iGZdWleq2MJidO3QPhU64ETn1z3TO+4qcg1lkhAt/5y2\\nq8C1tPJRbF2nkoe6IEXal9gd00PjuSpMxA02BIoJNGGOhqXaP40eTHhBhlPkGPLa\\ntaCTN2aGAKfL7ZGxwwqvLr6H\\n-----END PRIVATE KEY-----\\n\",\"clientEmail\":\"firebase-adminsdk-x9gsk@instaclon-96907.iam.gserviceaccount.com\",\"httpClient\":{\"retry\":{\"maxRetries\":4,\"statusCodes\":[503],\"ioErrorCodes\":[\"ECONNRESET\",\"ETIMEDOUT\"],\"backOffFactor\":0.5,\"maxDelayInMillis\":60000}}}}"}}
[warn] ⚠  functions: The Cloud Firestore emulator is not running, so calls to Firestore will affect production. {"metadata":{"emulator":{"name":"functions"},"message":"The Cloud Firestore emulator is not running, so calls to Firestore will affect production."}}
[info] ✔  functions[api]: http function initialized (http://localhost:5001/instaclon-96907/us-central1/api). {"metadata":{"emulator":{"name":"functions"},"message":"\u001b[1mhttp\u001b[22m function initialized (http://localhost:5001/instaclon-96907/us-central1/api)."}}
[info] 
┌───────────────────────────────────────────────────────────────────────┐
│ ✔  All emulators ready! View status and logs at http://localhost:4000 │
└───────────────────────────────────────────────────────────────────────┘

┌───────────┬────────────────┬─────────────────────────────────┐
│ Emulator  │ Host:Port      │ View in Emulator UI             │
├───────────┼────────────────┼─────────────────────────────────┤
│ Functions │ localhost:5001 │ http://localhost:4000/functions │
└───────────┴────────────────┴─────────────────────────────────┘
  Other reserved ports: 4400, 4500

Issues? Report them at https://github.com/firebase/firebase-tools/issues and attach the *-debug.log files.
 
[debug] [2020-06-10T07:45:08.791Z] [worker-~diagnostic~-959e80ae-597d-4299-a473-1f91b07280e3]: IDLE {"metadata":{"emulator":{"name":"functions"},"message":"[worker-~diagnostic~-959e80ae-597d-4299-a473-1f91b07280e3]: IDLE"}}
[debug] [2020-06-10T07:46:21.914Z] [work-queue] {"queueLength":1,"workRunningCount":0}
[debug] [2020-06-10T07:46:21.914Z] [work-queue] {"queueLength":0,"workRunningCount":1}
[debug] [2020-06-10T07:46:21.915Z] Accepted request GET /instaclon-96907/us-central1/api/posts --> api
[debug] [2020-06-10T07:46:21.923Z] [worker-pool] addWorker(api) {"metadata":{"emulator":{"name":"functions"},"message":"[worker-pool] addWorker(api)"}}
[debug] [2020-06-10T07:46:21.924Z] [worker-pool] Adding worker with key api, total=1 {"metadata":{"emulator":{"name":"functions"},"message":"[worker-pool] Adding worker with key api, total=1"}}
[debug] [2020-06-10T07:46:21.925Z] [worker-pool] submitWork(triggerId=api) {"metadata":{"emulator":{"name":"functions"},"message":"[worker-pool] submitWork(triggerId=api)"}}
[debug] [2020-06-10T07:46:21.926Z] [worker-api-7f7b2b6f-3c72-46ed-9c4f-1c48cc04c871]: Assigning socketPath: /var/folders/c0/j75wzxs51sv73sjr4v_wb4g80000gn/T/fire_emu_5911.sock {"metadata":{"emulator":{"name":"functions"},"message":"[worker-api-7f7b2b6f-3c72-46ed-9c4f-1c48cc04c871]: Assigning socketPath: /var/folders/c0/j75wzxs51sv73sjr4v_wb4g80000gn/T/fire_emu_5911.sock"}}
[debug] [2020-06-10T07:46:21.926Z] [worker-api-7f7b2b6f-3c72-46ed-9c4f-1c48cc04c871]: BUSY {"metadata":{"emulator":{"name":"functions"},"message":"[worker-api-7f7b2b6f-3c72-46ed-9c4f-1c48cc04c871]: BUSY"}}
[debug] [2020-06-10T07:46:23.168Z] [runtime-status] [5911] Functions runtime initialized. {"cwd":"/Users/jhonelrios/Documents/Proyectos/Instaclon/functions","node_version":"8.17.0"} {"metadata":{"emulator":{"name":"functions"},"function":{"name":"api"},"message":"[runtime-status] [5911] Functions runtime initialized. {\"cwd\":\"/Users/jhonelrios/Documents/Proyectos/Instaclon/functions\",\"node_version\":\"8.17.0\"}"}}
[debug] [2020-06-10T07:46:23.171Z] [runtime-status] [5911] Disabled runtime features: undefined {"metadata":{"emulator":{"name":"functions"},"function":{"name":"api"},"message":"[runtime-status] [5911] Disabled runtime features: undefined"}}
[debug] [2020-06-10T07:46:23.177Z] [runtime-status] [5911] Resolved module firebase-admin {"declared":true,"installed":true,"version":"8.12.1","resolution":"/Users/jhonelrios/Documents/Proyectos/Instaclon/functions/node_modules/firebase-admin/lib/index.js"} {"metadata":{"emulator":{"name":"functions"},"function":{"name":"api"},"message":"[runtime-status] [5911] Resolved module firebase-admin {\"declared\":true,\"installed\":true,\"version\":\"8.12.1\",\"resolution\":\"/Users/jhonelrios/Documents/Proyectos/Instaclon/functions/node_modules/firebase-admin/lib/index.js\"}"}}
[debug] [2020-06-10T07:46:23.181Z] [runtime-status] [5911] Resolved module firebase-functions {"declared":true,"installed":true,"version":"3.6.2","resolution":"/Users/jhonelrios/Documents/Proyectos/Instaclon/functions/node_modules/firebase-functions/lib/index.js"} {"metadata":{"emulator":{"name":"functions"},"function":{"name":"api"},"message":"[runtime-status] [5911] Resolved module firebase-functions {\"declared\":true,\"installed\":true,\"version\":\"3.6.2\",\"resolution\":\"/Users/jhonelrios/Documents/Proyectos/Instaclon/functions/node_modules/firebase-functions/lib/index.js\"}"}}
[warn] ⚠  functions: Your GOOGLE_APPLICATION_CREDENTIALS environment variable points to key.json. Non-emulated services will access production using these credentials. Be careful! {"metadata":{"emulator":{"name":"functions"},"function":{"name":"api"},"message":"Your GOOGLE_APPLICATION_CREDENTIALS environment variable points to key.json. Non-emulated services will access production using these credentials. Be careful!"}}
[debug] [2020-06-10T07:46:23.193Z] [runtime-status] [5911] Outgoing network have been stubbed. [{"name":"http","status":"mocked"},{"name":"http","status":"mocked"},{"name":"https","status":"mocked"},{"name":"https","status":"mocked"},{"name":"net","status":"mocked"}] {"metadata":{"emulator":{"name":"functions"},"function":{"name":"api"},"message":"[runtime-status] [5911] Outgoing network have been stubbed. [{\"name\":\"http\",\"status\":\"mocked\"},{\"name\":\"http\",\"status\":\"mocked\"},{\"name\":\"https\",\"status\":\"mocked\"},{\"name\":\"https\",\"status\":\"mocked\"},{\"name\":\"net\",\"status\":\"mocked\"}]"}}
[debug] [2020-06-10T07:46:23.194Z] [runtime-status] [5911] Resolved module firebase-functions {"declared":true,"installed":true,"version":"3.6.2","resolution":"/Users/jhonelrios/Documents/Proyectos/Instaclon/functions/node_modules/firebase-functions/lib/index.js"} {"metadata":{"emulator":{"name":"functions"},"function":{"name":"api"},"message":"[runtime-status] [5911] Resolved module firebase-functions {\"declared\":true,\"installed\":true,\"version\":\"3.6.2\",\"resolution\":\"/Users/jhonelrios/Documents/Proyectos/Instaclon/functions/node_modules/firebase-functions/lib/index.js\"}"}}
[debug] [2020-06-10T07:46:23.307Z] [runtime-status] [5911] Checked functions.config() {"config":{}} {"metadata":{"emulator":{"name":"functions"},"function":{"name":"api"},"message":"[runtime-status] [5911] Checked functions.config() {\"config\":{}}"}}
[debug] [2020-06-10T07:46:23.307Z] [runtime-status] [5911] firebase-functions has been stubbed. {"functionsResolution":{"declared":true,"installed":true,"version":"3.6.2","resolution":"/Users/jhonelrios/Documents/Proyectos/Instaclon/functions/node_modules/firebase-functions/lib/index.js"}} {"metadata":{"emulator":{"name":"functions"},"function":{"name":"api"},"message":"[runtime-status] [5911] firebase-functions has been stubbed. {\"functionsResolution\":{\"declared\":true,\"installed\":true,\"version\":\"3.6.2\",\"resolution\":\"/Users/jhonelrios/Documents/Proyectos/Instaclon/functions/node_modules/firebase-functions/lib/index.js\"}}"}}
[debug] [2020-06-10T07:46:23.308Z] [runtime-status] [5911] Resolved module firebase-functions {"declared":true,"installed":true,"version":"3.6.2","resolution":"/Users/jhonelrios/Documents/Proyectos/Instaclon/functions/node_modules/firebase-functions/lib/index.js"} {"metadata":{"emulator":{"name":"functions"},"function":{"name":"api"},"message":"[runtime-status] [5911] Resolved module firebase-functions {\"declared\":true,\"installed\":true,\"version\":\"3.6.2\",\"resolution\":\"/Users/jhonelrios/Documents/Proyectos/Instaclon/functions/node_modules/firebase-functions/lib/index.js\"}"}}
[debug] [2020-06-10T07:46:23.310Z] [runtime-status] [5911] Resolved module firebase-admin {"declared":true,"installed":true,"version":"8.12.1","resolution":"/Users/jhonelrios/Documents/Proyectos/Instaclon/functions/node_modules/firebase-admin/lib/index.js"} {"metadata":{"emulator":{"name":"functions"},"function":{"name":"api"},"message":"[runtime-status] [5911] Resolved module firebase-admin {\"declared\":true,\"installed\":true,\"version\":\"8.12.1\",\"resolution\":\"/Users/jhonelrios/Documents/Proyectos/Instaclon/functions/node_modules/firebase-admin/lib/index.js\"}"}}
[debug] [2020-06-10T07:46:23.310Z] [runtime-status] [5911] Resolved module firebase-functions {"declared":true,"installed":true,"version":"3.6.2","resolution":"/Users/jhonelrios/Documents/Proyectos/Instaclon/functions/node_modules/firebase-functions/lib/index.js"} {"metadata":{"emulator":{"name":"functions"},"function":{"name":"api"},"message":"[runtime-status] [5911] Resolved module firebase-functions {\"declared\":true,\"installed\":true,\"version\":\"3.6.2\",\"resolution\":\"/Users/jhonelrios/Documents/Proyectos/Instaclon/functions/node_modules/firebase-functions/lib/index.js\"}"}}
[debug] [2020-06-10T07:46:23.310Z] [runtime-status] [5911] firebase-admin has been stubbed. {"adminResolution":{"declared":true,"installed":true,"version":"8.12.1","resolution":"/Users/jhonelrios/Documents/Proyectos/Instaclon/functions/node_modules/firebase-admin/lib/index.js"}} {"metadata":{"emulator":{"name":"functions"},"function":{"name":"api"},"message":"[runtime-status] [5911] firebase-admin has been stubbed. {\"adminResolution\":{\"declared\":true,\"installed\":true,\"version\":\"8.12.1\",\"resolution\":\"/Users/jhonelrios/Documents/Proyectos/Instaclon/functions/node_modules/firebase-admin/lib/index.js\"}}"}}
[debug] [2020-06-10T07:46:23.825Z] [runtime-status] [5911] initializeApp(DEFAULT) {"credential":{"implicit":true,"projectId":"instaclon-96907","privateKey":"-----BEGIN PRIVATE KEY-----\nMIIEvgIBADANBgkqhkiG9w0BAQEFAASCBKgwggSkAgEAAoIBAQDR+H5017ov5VbY\nbgjHqT/T+ekzQy5HZiXHWdwBA19tTcV/hTKb5r0ZdIjXuDXs6vRc2g0HO2DZRU4J\nMKnts0AFvljDev/iv+J51FDbb/RSGAfJf8B2RVA6DL/dJOBTpw+S/TnYY/vPnS2C\nQFJkOLG2oJlmKPJxFZfCM8eBPWArpBjxm7wQyb91YT+NiMNlRyXrLv92qGp4yltF\nPIh7ZpdR5dU6URXKu++Mu6DVmQvHoxVlQnypxLc1dWa5UTvfUlfKWhK7jrfcwK9g\nqIzp5/bkym31yo2UG/OE4VLrdiJPQFoldkqTG5+SGRrxtCdMNIl8PLMyDl1Yrt4H\nClgpe5OpAgMBAAECggEAAKBOJKQp3Ik0tYxuD1+TmDRk8kxw8T3eft/BFN0Xj7bW\n6Zh/DDFHhWTDbYNE4LOnR8/PQ9ZOcmKiYJgjm/9RtLXhEJb63hUzUQ7/SiKlSgmW\naMH7BxwRtaHPZt+WIXtWA+eOukGIFEUt4Z2cyuQ5ZKfjdTpjiLW0BpxknxMACN+t\nxvk1xX3ifG5vJEPzbzTQAKRK0aJMJ5gIX/+35CvFBpoSF/kGjU2SFwTn9iMGNskW\nABknoZFJe0K/RyzQolnGtTSDps+sfR9GCewHAfzjgVmtPq4Yeek9hozyb57uh7Yg\n+bwM/nAbRM64jnnoKNlckIiXnyiX4rTpJcj9MwI1AQKBgQDvOqFZzTcCcB39orPA\nB3pRK0nygGJP9niMVJyEQsPmhuxbph2unglECf5qnju87NqADuzfi00f4tnJBO5X\nSoj+CZ38IDvESLuUejusfmEBWiZdK5ag3qMlxGAozyyk7XDkqJBuFFhArZvPan1x\n4R+kpCNN0Li/+feD44QNw3fXKQKBgQDgsMXu3lFX0U2CXCOqrwL6yyp0uqgXYHpS\nZvlbiITU2YSU1NBqWJyss+1fSaejUuRem7814K+3nLRzkMTaimzu5darGrvuinE2\n74HcJKv4TnqurVWUBtqpvpNjZApr+H2t225OEcmVXJyD6zL+kA5C9aBMXKo8P50F\nAeFXkKPogQKBgQCiOAehdV6P8KbljqaE2I1A7TG/lv8TafZkchuQNBXTBDrSCtql\nxdRSptQ2SAYKHjIsE/LbwwIRVSqI/ScBWjF60dqnVNQyTX+lNx2v4iK1YAQTubLy\ncwX+XiM2iQWk8L1U0FjfzDvr381/4J4f0qA6bHLkGVyuETqd3HF3Q8zHwQKBgQDU\nCh6QgJ81B6Fkzz0de1GNiaNES04L2ZE2KFVT6y6ni6qRpZAVfBBG7vmoveKEv9oh\n6kr1Nle9KBYnJUyQjKemf6IpEO6fe2jCFh5vuO/NQYqHQ66KJjm+jMmctzEamYNJ\nSdX7uM+Ks75Ew/X4w8uhpxkiVyST/NhafF7C+w2jgQKBgAg6cKoazLxDzdXV1NOH\n/VHRZb+krJcqbro3kGZ/iGZdWleq2MJidO3QPhU64ETn1z3TO+4qcg1lkhAt/5y2\nq8C1tPJRbF2nkoe6IEXal9gd00PjuSpMxA02BIoJNGGOhqXaP40eTHhBhlPkGPLa\ntaCTN2aGAKfL7ZGxwwqvLr6H\n-----END PRIVATE KEY-----\n","clientEmail":"firebase-adminsdk-x9gsk@instaclon-96907.iam.gserviceaccount.com","httpClient":{"retry":{"maxRetries":4,"statusCodes":[503],"ioErrorCodes":["ECONNRESET","ETIMEDOUT"],"backOffFactor":0.5,"maxDelayInMillis":60000}}}} {"metadata":{"emulator":{"name":"functions"},"function":{"name":"api"},"message":"[runtime-status] [5911] initializeApp(DEFAULT) {\"credential\":{\"implicit\":true,\"projectId\":\"instaclon-96907\",\"privateKey\":\"-----BEGIN PRIVATE KEY-----\\nMIIEvgIBADANBgkqhkiG9w0BAQEFAASCBKgwggSkAgEAAoIBAQDR+H5017ov5VbY\\nbgjHqT/T+ekzQy5HZiXHWdwBA19tTcV/hTKb5r0ZdIjXuDXs6vRc2g0HO2DZRU4J\\nMKnts0AFvljDev/iv+J51FDbb/RSGAfJf8B2RVA6DL/dJOBTpw+S/TnYY/vPnS2C\\nQFJkOLG2oJlmKPJxFZfCM8eBPWArpBjxm7wQyb91YT+NiMNlRyXrLv92qGp4yltF\\nPIh7ZpdR5dU6URXKu++Mu6DVmQvHoxVlQnypxLc1dWa5UTvfUlfKWhK7jrfcwK9g\\nqIzp5/bkym31yo2UG/OE4VLrdiJPQFoldkqTG5+SGRrxtCdMNIl8PLMyDl1Yrt4H\\nClgpe5OpAgMBAAECggEAAKBOJKQp3Ik0tYxuD1+TmDRk8kxw8T3eft/BFN0Xj7bW\\n6Zh/DDFHhWTDbYNE4LOnR8/PQ9ZOcmKiYJgjm/9RtLXhEJb63hUzUQ7/SiKlSgmW\\naMH7BxwRtaHPZt+WIXtWA+eOukGIFEUt4Z2cyuQ5ZKfjdTpjiLW0BpxknxMACN+t\\nxvk1xX3ifG5vJEPzbzTQAKRK0aJMJ5gIX/+35CvFBpoSF/kGjU2SFwTn9iMGNskW\\nABknoZFJe0K/RyzQolnGtTSDps+sfR9GCewHAfzjgVmtPq4Yeek9hozyb57uh7Yg\\n+bwM/nAbRM64jnnoKNlckIiXnyiX4rTpJcj9MwI1AQKBgQDvOqFZzTcCcB39orPA\\nB3pRK0nygGJP9niMVJyEQsPmhuxbph2unglECf5qnju87NqADuzfi00f4tnJBO5X\\nSoj+CZ38IDvESLuUejusfmEBWiZdK5ag3qMlxGAozyyk7XDkqJBuFFhArZvPan1x\\n4R+kpCNN0Li/+feD44QNw3fXKQKBgQDgsMXu3lFX0U2CXCOqrwL6yyp0uqgXYHpS\\nZvlbiITU2YSU1NBqWJyss+1fSaejUuRem7814K+3nLRzkMTaimzu5darGrvuinE2\\n74HcJKv4TnqurVWUBtqpvpNjZApr+H2t225OEcmVXJyD6zL+kA5C9aBMXKo8P50F\\nAeFXkKPogQKBgQCiOAehdV6P8KbljqaE2I1A7TG/lv8TafZkchuQNBXTBDrSCtql\\nxdRSptQ2SAYKHjIsE/LbwwIRVSqI/ScBWjF60dqnVNQyTX+lNx2v4iK1YAQTubLy\\ncwX+XiM2iQWk8L1U0FjfzDvr381/4J4f0qA6bHLkGVyuETqd3HF3Q8zHwQKBgQDU\\nCh6QgJ81B6Fkzz0de1GNiaNES04L2ZE2KFVT6y6ni6qRpZAVfBBG7vmoveKEv9oh\\n6kr1Nle9KBYnJUyQjKemf6IpEO6fe2jCFh5vuO/NQYqHQ66KJjm+jMmctzEamYNJ\\nSdX7uM+Ks75Ew/X4w8uhpxkiVyST/NhafF7C+w2jgQKBgAg6cKoazLxDzdXV1NOH\\n/VHRZb+krJcqbro3kGZ/iGZdWleq2MJidO3QPhU64ETn1z3TO+4qcg1lkhAt/5y2\\nq8C1tPJRbF2nkoe6IEXal9gd00PjuSpMxA02BIoJNGGOhqXaP40eTHhBhlPkGPLa\\ntaCTN2aGAKfL7ZGxwwqvLr6H\\n-----END PRIVATE KEY-----\\n\",\"clientEmail\":\"firebase-adminsdk-x9gsk@instaclon-96907.iam.gserviceaccount.com\",\"httpClient\":{\"retry\":{\"maxRetries\":4,\"statusCodes\":[503],\"ioErrorCodes\":[\"ECONNRESET\",\"ETIMEDOUT\"],\"backOffFactor\":0.5,\"maxDelayInMillis\":60000}}}}"}}
[warn] ⚠  functions: The Cloud Firestore emulator is not running, so calls to Firestore will affect production. {"metadata":{"emulator":{"name":"functions"},"function":{"name":"api"},"message":"The Cloud Firestore emulator is not running, so calls to Firestore will affect production."}}
[debug] [2020-06-10T07:46:24.879Z] [runtime-status] [5911] Trigger "api" has been found, beginning invocation! {"metadata":{"emulator":{"name":"functions"},"function":{"name":"api"},"message":"[runtime-status] [5911] Trigger \"api\" has been found, beginning invocation!"}}
[info] i  functions: Beginning execution of "api" {"metadata":{"emulator":{"name":"functions"},"function":{"name":"api"},"message":"Beginning execution of \"api\""}}
[debug] [2020-06-10T07:46:24.881Z] [runtime-status] [5911] triggerDefinition {"httpsTrigger":{},"name":"api","entryPoint":"api"} {"metadata":{"emulator":{"name":"functions"},"function":{"name":"api"},"message":"[runtime-status] [5911] triggerDefinition {\"httpsTrigger\":{},\"name\":\"api\",\"entryPoint\":\"api\"}"}}
[debug] [2020-06-10T07:46:24.881Z] [runtime-status] [5911] Running api in mode HTTPS {"metadata":{"emulator":{"name":"functions"},"function":{"name":"api"},"message":"[runtime-status] [5911] Running api in mode HTTPS"}}
[debug] [2020-06-10T07:46:24.896Z] [runtime-status] [5911] Attempting to listen to socketPath: /var/folders/c0/j75wzxs51sv73sjr4v_wb4g80000gn/T/fire_emu_5911.sock {"metadata":{"emulator":{"name":"functions"},"function":{"name":"api"},"message":"[runtime-status] [5911] Attempting to listen to socketPath: /var/folders/c0/j75wzxs51sv73sjr4v_wb4g80000gn/T/fire_emu_5911.sock"}}
[debug] [2020-06-10T07:46:24.916Z] [functions] Runtime ready! Sending request! {"metadata":{"emulator":{"name":"functions"},"message":"[functions] Runtime ready! Sending request!"}}
[debug] [2020-06-10T07:46:24.967Z] [runtime-status] [5911] Ephemeral server handling GET request {"metadata":{"emulator":{"name":"functions"},"function":{"name":"api"},"message":"[runtime-status] [5911] Ephemeral server handling GET request"}}
[debug] [2020-06-10T07:46:24.979Z] [runtime-status] [5911] Ephemeral server survived. {"metadata":{"emulator":{"name":"functions"},"function":{"name":"api"},"message":"[runtime-status] [5911] Ephemeral server survived."}}
[info] i  functions: Finished "api" in ~1s {"metadata":{"emulator":{"name":"functions"},"function":{"name":"api"},"message":"Finished \"api\" in ~1s"}}
[debug] [2020-06-10T07:46:24.996Z] [worker-api-7f7b2b6f-3c72-46ed-9c4f-1c48cc04c871]: IDLE {"metadata":{"emulator":{"name":"functions"},"message":"[worker-api-7f7b2b6f-3c72-46ed-9c4f-1c48cc04c871]: IDLE"}}
[debug] [2020-06-10T07:46:24.996Z] [work-queue] {"queueLength":0,"workRunningCount":0}
[debug] [2020-06-10T17:11:48.969Z] [work-queue] {"queueLength":1,"workRunningCount":0}
[debug] [2020-06-10T17:11:48.985Z] [work-queue] {"queueLength":0,"workRunningCount":1}
[debug] [2020-06-10T17:11:49.033Z] FirebaseError: No trigger with name app {"metadata":{"emulator":{"name":"functions"},"message":{"name":"FirebaseError","children":[],"exit":1,"message":"No trigger with name app","status":500}}}
[debug] [2020-06-10T17:11:49.035Z] [work-queue] {"queueLength":0,"workRunningCount":0}
[debug] [2020-06-10T17:12:37.321Z] [work-queue] {"queueLength":1,"workRunningCount":0}
[debug] [2020-06-10T17:12:37.322Z] [work-queue] {"queueLength":0,"workRunningCount":1}
[debug] [2020-06-10T17:12:37.322Z] FirebaseError: No trigger with name app {"metadata":{"emulator":{"name":"functions"},"message":{"name":"FirebaseError","children":[],"exit":1,"message":"No trigger with name app","status":500}}}
[debug] [2020-06-10T17:12:37.322Z] [work-queue] {"queueLength":0,"workRunningCount":0}
[debug] [2020-06-10T17:12:39.752Z] [work-queue] {"queueLength":1,"workRunningCount":0}
[debug] [2020-06-10T17:12:39.753Z] [work-queue] {"queueLength":0,"workRunningCount":1}
[debug] [2020-06-10T17:12:39.753Z] FirebaseError: No trigger with name app {"metadata":{"emulator":{"name":"functions"},"message":{"name":"FirebaseError","children":[],"exit":1,"message":"No trigger with name app","status":500}}}
[debug] [2020-06-10T17:12:39.753Z] [work-queue] {"queueLength":0,"workRunningCount":0}
[debug] [2020-06-10T17:12:41.084Z] [work-queue] {"queueLength":1,"workRunningCount":0}
[debug] [2020-06-10T17:12:41.085Z] [work-queue] {"queueLength":0,"workRunningCount":1}
[debug] [2020-06-10T17:12:41.085Z] FirebaseError: No trigger with name app {"metadata":{"emulator":{"name":"functions"},"message":{"name":"FirebaseError","children":[],"exit":1,"message":"No trigger with name app","status":500}}}
[debug] [2020-06-10T17:12:41.085Z] [work-queue] {"queueLength":0,"workRunningCount":0}
[debug] [2020-06-10T17:13:17.913Z] [work-queue] {"queueLength":1,"workRunningCount":0}
[debug] [2020-06-10T17:13:17.913Z] [work-queue] {"queueLength":0,"workRunningCount":1}
[debug] [2020-06-10T17:13:17.914Z] FirebaseError: No trigger with name app {"metadata":{"emulator":{"name":"functions"},"message":{"name":"FirebaseError","children":[],"exit":1,"message":"No trigger with name app","status":500}}}
[debug] [2020-06-10T17:13:17.914Z] [work-queue] {"queueLength":0,"workRunningCount":0}
[debug] [2020-06-10T17:13:22.641Z] [work-queue] {"queueLength":1,"workRunningCount":0}
[debug] [2020-06-10T17:13:22.641Z] [work-queue] {"queueLength":0,"workRunningCount":1}
[debug] [2020-06-10T17:13:22.642Z] FirebaseError: No trigger with name app {"metadata":{"emulator":{"name":"functions"},"message":{"name":"FirebaseError","children":[],"exit":1,"message":"No trigger with name app","status":500}}}
[debug] [2020-06-10T17:13:22.642Z] [work-queue] {"queueLength":0,"workRunningCount":0}
[debug] [2020-06-10T17:14:05.343Z] [work-queue] {"queueLength":1,"workRunningCount":0}
[debug] [2020-06-10T17:14:05.344Z] [work-queue] {"queueLength":0,"workRunningCount":1}
[debug] [2020-06-10T17:14:05.344Z] FirebaseError: No trigger with name app {"metadata":{"emulator":{"name":"functions"},"message":{"name":"FirebaseError","children":[],"exit":1,"message":"No trigger with name app","status":500}}}
[debug] [2020-06-10T17:14:05.344Z] [work-queue] {"queueLength":0,"workRunningCount":0}
[debug] [2020-06-10T17:14:05.530Z] [work-queue] {"queueLength":1,"workRunningCount":0}
[debug] [2020-06-10T17:14:05.530Z] [work-queue] {"queueLength":0,"workRunningCount":1}
[debug] [2020-06-10T17:14:05.530Z] FirebaseError: No trigger with name app {"metadata":{"emulator":{"name":"functions"},"message":{"name":"FirebaseError","children":[],"exit":1,"message":"No trigger with name app","status":500}}}
[debug] [2020-06-10T17:14:05.530Z] [work-queue] {"queueLength":0,"workRunningCount":0}
[debug] [2020-06-10T17:14:06.949Z] [work-queue] {"queueLength":1,"workRunningCount":0}
[debug] [2020-06-10T17:14:06.950Z] [work-queue] {"queueLength":0,"workRunningCount":1}
[debug] [2020-06-10T17:14:06.950Z] FirebaseError: No trigger with name app {"metadata":{"emulator":{"name":"functions"},"message":{"name":"FirebaseError","children":[],"exit":1,"message":"No trigger with name app","status":500}}}
[debug] [2020-06-10T17:14:06.950Z] [work-queue] {"queueLength":0,"workRunningCount":0}
[debug] [2020-06-10T17:15:38.720Z] [work-queue] {"queueLength":1,"workRunningCount":0}
[debug] [2020-06-10T17:15:38.721Z] [work-queue] {"queueLength":0,"workRunningCount":1}
[debug] [2020-06-10T17:15:38.722Z] FirebaseError: No trigger with name app {"metadata":{"emulator":{"name":"functions"},"message":{"name":"FirebaseError","children":[],"exit":1,"message":"No trigger with name app","status":500}}}
[debug] [2020-06-10T17:15:38.723Z] [work-queue] {"queueLength":0,"workRunningCount":0}
[debug] [2020-06-10T17:16:07.530Z] [work-queue] {"queueLength":1,"workRunningCount":0}
[debug] [2020-06-10T17:16:07.530Z] [work-queue] {"queueLength":0,"workRunningCount":1}
[debug] [2020-06-10T17:16:07.530Z] FirebaseError: No trigger with name favicon.ico {"metadata":{"emulator":{"name":"functions"},"message":{"name":"FirebaseError","children":[],"exit":1,"message":"No trigger with name favicon.ico","status":500}}}
[debug] [2020-06-10T17:16:07.530Z] [work-queue] {"queueLength":0,"workRunningCount":0}
[debug] [2020-06-10T17:16:40.960Z] [work-queue] {"queueLength":1,"workRunningCount":0}
[debug] [2020-06-10T17:16:40.961Z] [work-queue] {"queueLength":0,"workRunningCount":1}
[debug] [2020-06-10T17:16:40.961Z] FirebaseError: No trigger with name app {"metadata":{"emulator":{"name":"functions"},"message":{"name":"FirebaseError","children":[],"exit":1,"message":"No trigger with name app","status":500}}}
[debug] [2020-06-10T17:16:40.962Z] [work-queue] {"queueLength":0,"workRunningCount":0}
[debug] [2020-06-10T17:16:41.104Z] [work-queue] {"queueLength":1,"workRunningCount":0}
[debug] [2020-06-10T17:16:41.105Z] [work-queue] {"queueLength":0,"workRunningCount":1}
[debug] [2020-06-10T17:16:41.105Z] FirebaseError: No trigger with name app {"metadata":{"emulator":{"name":"functions"},"message":{"name":"FirebaseError","children":[],"exit":1,"message":"No trigger with name app","status":500}}}
[debug] [2020-06-10T17:16:41.105Z] [work-queue] {"queueLength":0,"workRunningCount":0}
[debug] [2020-06-10T17:16:41.292Z] [work-queue] {"queueLength":1,"workRunningCount":0}
[debug] [2020-06-10T17:16:41.293Z] [work-queue] {"queueLength":0,"workRunningCount":1}
[debug] [2020-06-10T17:16:41.293Z] FirebaseError: No trigger with name app {"metadata":{"emulator":{"name":"functions"},"message":{"name":"FirebaseError","children":[],"exit":1,"message":"No trigger with name app","status":500}}}
[debug] [2020-06-10T17:16:41.293Z] [work-queue] {"queueLength":0,"workRunningCount":0}
[debug] [2020-06-10T17:16:41.437Z] [work-queue] {"queueLength":1,"workRunningCount":0}
[debug] [2020-06-10T17:16:41.438Z] [work-queue] {"queueLength":0,"workRunningCount":1}
[debug] [2020-06-10T17:16:41.438Z] FirebaseError: No trigger with name app {"metadata":{"emulator":{"name":"functions"},"message":{"name":"FirebaseError","children":[],"exit":1,"message":"No trigger with name app","status":500}}}
[debug] [2020-06-10T17:16:41.438Z] [work-queue] {"queueLength":0,"workRunningCount":0}
[debug] [2020-06-10T17:16:43.742Z] [work-queue] {"queueLength":1,"workRunningCount":0}
[debug] [2020-06-10T17:16:43.742Z] [work-queue] {"queueLength":0,"workRunningCount":1}
[debug] [2020-06-10T17:16:43.742Z] FirebaseError: No trigger with name app {"metadata":{"emulator":{"name":"functions"},"message":{"name":"FirebaseError","children":[],"exit":1,"message":"No trigger with name app","status":500}}}
[debug] [2020-06-10T17:16:43.744Z] [work-queue] {"queueLength":0,"workRunningCount":0}
[debug] [2020-06-10T17:17:36.842Z] [work-queue] {"queueLength":1,"workRunningCount":0}
[debug] [2020-06-10T17:17:36.842Z] [work-queue] {"queueLength":0,"workRunningCount":1}
[debug] [2020-06-10T17:17:36.842Z] Accepted request GET /instaclon-96907/us-central1/api/posts --> api
[debug] [2020-06-10T17:17:36.849Z] [worker-pool] submitWork(triggerId=api) {"metadata":{"emulator":{"name":"functions"},"message":"[worker-pool] submitWork(triggerId=api)"}}
[debug] [2020-06-10T17:17:36.855Z] [worker-api-7f7b2b6f-3c72-46ed-9c4f-1c48cc04c871]: Assigning socketPath: /var/folders/c0/j75wzxs51sv73sjr4v_wb4g80000gn/T/fire_emu_5911.sock {"metadata":{"emulator":{"name":"functions"},"message":"[worker-api-7f7b2b6f-3c72-46ed-9c4f-1c48cc04c871]: Assigning socketPath: /var/folders/c0/j75wzxs51sv73sjr4v_wb4g80000gn/T/fire_emu_5911.sock"}}
[debug] [2020-06-10T17:17:36.855Z] [worker-api-7f7b2b6f-3c72-46ed-9c4f-1c48cc04c871]: BUSY {"metadata":{"emulator":{"name":"functions"},"message":"[worker-api-7f7b2b6f-3c72-46ed-9c4f-1c48cc04c871]: BUSY"}}
[debug] [2020-06-10T17:17:36.891Z] [runtime-status] [5911] Trigger "api" has been found, beginning invocation! {"metadata":{"emulator":{"name":"functions"},"function":{"name":"api"},"message":"[runtime-status] [5911] Trigger \"api\" has been found, beginning invocation!"}}
[info] i  functions: Beginning execution of "api" {"metadata":{"emulator":{"name":"functions"},"function":{"name":"api"},"message":"Beginning execution of \"api\""}}
[debug] [2020-06-10T17:17:36.905Z] [runtime-status] [5911] triggerDefinition {"httpsTrigger":{},"name":"api","entryPoint":"api"} {"metadata":{"emulator":{"name":"functions"},"function":{"name":"api"},"message":"[runtime-status] [5911] triggerDefinition {\"httpsTrigger\":{},\"name\":\"api\",\"entryPoint\":\"api\"}"}}
[debug] [2020-06-10T17:17:36.905Z] [runtime-status] [5911] Running api in mode HTTPS {"metadata":{"emulator":{"name":"functions"},"function":{"name":"api"},"message":"[runtime-status] [5911] Running api in mode HTTPS"}}
[debug] [2020-06-10T17:17:36.912Z] [runtime-status] [5911] Attempting to listen to socketPath: /var/folders/c0/j75wzxs51sv73sjr4v_wb4g80000gn/T/fire_emu_5911.sock {"metadata":{"emulator":{"name":"functions"},"function":{"name":"api"},"message":"[runtime-status] [5911] Attempting to listen to socketPath: /var/folders/c0/j75wzxs51sv73sjr4v_wb4g80000gn/T/fire_emu_5911.sock"}}
[debug] [2020-06-10T17:17:36.938Z] [functions] Runtime ready! Sending request! {"metadata":{"emulator":{"name":"functions"},"message":"[functions] Runtime ready! Sending request!"}}
[debug] [2020-06-10T17:17:36.966Z] [runtime-status] [5911] Ephemeral server handling GET request {"metadata":{"emulator":{"name":"functions"},"function":{"name":"api"},"message":"[runtime-status] [5911] Ephemeral server handling GET request"}}
[debug] [2020-06-10T17:17:36.970Z] [runtime-status] [5911] Ephemeral server survived. {"metadata":{"emulator":{"name":"functions"},"function":{"name":"api"},"message":"[runtime-status] [5911] Ephemeral server survived."}}
[info] i  functions: Finished "api" in ~1s {"metadata":{"emulator":{"name":"functions"},"function":{"name":"api"},"message":"Finished \"api\" in ~1s"}}
[debug] [2020-06-10T17:17:36.989Z] [worker-api-7f7b2b6f-3c72-46ed-9c4f-1c48cc04c871]: IDLE {"metadata":{"emulator":{"name":"functions"},"message":"[worker-api-7f7b2b6f-3c72-46ed-9c4f-1c48cc04c871]: IDLE"}}
[debug] [2020-06-10T17:17:36.990Z] [work-queue] {"queueLength":0,"workRunningCount":0}
[debug] [2020-06-10T17:17:49.088Z] [work-queue] {"queueLength":1,"workRunningCount":0}
[debug] [2020-06-10T17:17:49.088Z] [work-queue] {"queueLength":0,"workRunningCount":1}
[debug] [2020-06-10T17:17:49.088Z] Accepted request GET /instaclon-96907/us-central1/api/posts --> api
[debug] [2020-06-10T17:17:49.088Z] [worker-pool] submitWork(triggerId=api) {"metadata":{"emulator":{"name":"functions"},"message":"[worker-pool] submitWork(triggerId=api)"}}
[debug] [2020-06-10T17:17:49.089Z] [worker-api-7f7b2b6f-3c72-46ed-9c4f-1c48cc04c871]: Assigning socketPath: /var/folders/c0/j75wzxs51sv73sjr4v_wb4g80000gn/T/fire_emu_5911.sock {"metadata":{"emulator":{"name":"functions"},"message":"[worker-api-7f7b2b6f-3c72-46ed-9c4f-1c48cc04c871]: Assigning socketPath: /var/folders/c0/j75wzxs51sv73sjr4v_wb4g80000gn/T/fire_emu_5911.sock"}}
[debug] [2020-06-10T17:17:49.089Z] [worker-api-7f7b2b6f-3c72-46ed-9c4f-1c48cc04c871]: BUSY {"metadata":{"emulator":{"name":"functions"},"message":"[worker-api-7f7b2b6f-3c72-46ed-9c4f-1c48cc04c871]: BUSY"}}
[debug] [2020-06-10T17:17:49.090Z] [runtime-status] [5911] Trigger "api" has been found, beginning invocation! {"metadata":{"emulator":{"name":"functions"},"function":{"name":"api"},"message":"[runtime-status] [5911] Trigger \"api\" has been found, beginning invocation!"}}
[info] i  functions: Beginning execution of "api" {"metadata":{"emulator":{"name":"functions"},"function":{"name":"api"},"message":"Beginning execution of \"api\""}}
[debug] [2020-06-10T17:17:49.091Z] [runtime-status] [5911] triggerDefinition {"httpsTrigger":{},"name":"api","entryPoint":"api"} {"metadata":{"emulator":{"name":"functions"},"function":{"name":"api"},"message":"[runtime-status] [5911] triggerDefinition {\"httpsTrigger\":{},\"name\":\"api\",\"entryPoint\":\"api\"}"}}
[debug] [2020-06-10T17:17:49.091Z] [runtime-status] [5911] Running api in mode HTTPS {"metadata":{"emulator":{"name":"functions"},"function":{"name":"api"},"message":"[runtime-status] [5911] Running api in mode HTTPS"}}
[debug] [2020-06-10T17:17:49.092Z] [runtime-status] [5911] Attempting to listen to socketPath: /var/folders/c0/j75wzxs51sv73sjr4v_wb4g80000gn/T/fire_emu_5911.sock {"metadata":{"emulator":{"name":"functions"},"function":{"name":"api"},"message":"[runtime-status] [5911] Attempting to listen to socketPath: /var/folders/c0/j75wzxs51sv73sjr4v_wb4g80000gn/T/fire_emu_5911.sock"}}
[debug] [2020-06-10T17:17:49.094Z] [functions] Runtime ready! Sending request! {"metadata":{"emulator":{"name":"functions"},"message":"[functions] Runtime ready! Sending request!"}}
[debug] [2020-06-10T17:17:49.100Z] [runtime-status] [5911] Ephemeral server handling GET request {"metadata":{"emulator":{"name":"functions"},"function":{"name":"api"},"message":"[runtime-status] [5911] Ephemeral server handling GET request"}}
[debug] [2020-06-10T17:17:49.101Z] [runtime-status] [5911] Ephemeral server survived. {"metadata":{"emulator":{"name":"functions"},"function":{"name":"api"},"message":"[runtime-status] [5911] Ephemeral server survived."}}
[info] i  functions: Finished "api" in ~1s {"metadata":{"emulator":{"name":"functions"},"function":{"name":"api"},"message":"Finished \"api\" in ~1s"}}
[debug] [2020-06-10T17:17:49.113Z] [worker-api-7f7b2b6f-3c72-46ed-9c4f-1c48cc04c871]: IDLE {"metadata":{"emulator":{"name":"functions"},"message":"[worker-api-7f7b2b6f-3c72-46ed-9c4f-1c48cc04c871]: IDLE"}}
[debug] [2020-06-10T17:17:49.114Z] [work-queue] {"queueLength":0,"workRunningCount":0}
[debug] [2020-06-10T17:17:50.450Z] [work-queue] {"queueLength":1,"workRunningCount":0}
[debug] [2020-06-10T17:17:50.451Z] [work-queue] {"queueLength":0,"workRunningCount":1}
[debug] [2020-06-10T17:17:50.451Z] FirebaseError: No trigger with name favicon.ico {"metadata":{"emulator":{"name":"functions"},"message":{"name":"FirebaseError","children":[],"exit":1,"message":"No trigger with name favicon.ico","status":500}}}
[debug] [2020-06-10T17:17:50.452Z] [work-queue] {"queueLength":0,"workRunningCount":0}
[debug] [2020-06-10T17:18:07.538Z] [work-queue] {"queueLength":1,"workRunningCount":0}
[debug] [2020-06-10T17:18:07.539Z] [work-queue] {"queueLength":0,"workRunningCount":1}
[debug] [2020-06-10T17:18:07.539Z] FirebaseError: No trigger with name favicon.ico {"metadata":{"emulator":{"name":"functions"},"message":{"name":"FirebaseError","children":[],"exit":1,"message":"No trigger with name favicon.ico","status":500}}}
[debug] [2020-06-10T17:18:07.539Z] [work-queue] {"queueLength":0,"workRunningCount":0}
[debug] [2020-06-10T17:21:48.908Z] [work-queue] {"queueLength":1,"workRunningCount":0}
[debug] [2020-06-10T17:21:48.908Z] [work-queue] {"queueLength":0,"workRunningCount":1}
[debug] [2020-06-10T17:21:48.909Z] FirebaseError: No trigger with name app {"metadata":{"emulator":{"name":"functions"},"message":{"name":"FirebaseError","children":[],"exit":1,"message":"No trigger with name app","status":500}}}
[debug] [2020-06-10T17:21:48.909Z] [work-queue] {"queueLength":0,"workRunningCount":0}
[debug] [2020-06-10T17:22:43.683Z] [work-queue] {"queueLength":1,"workRunningCount":0}
[debug] [2020-06-10T17:22:43.683Z] [work-queue] {"queueLength":0,"workRunningCount":1}
[debug] [2020-06-10T17:22:43.683Z] FirebaseError: No trigger with name favicon.ico {"metadata":{"emulator":{"name":"functions"},"message":{"name":"FirebaseError","children":[],"exit":1,"message":"No trigger with name favicon.ico","status":500}}}
[debug] [2020-06-10T17:22:43.684Z] [work-queue] {"queueLength":0,"workRunningCount":0}
[debug] [2020-06-10T17:22:53.286Z] [work-queue] {"queueLength":1,"workRunningCount":0}
[debug] [2020-06-10T17:22:53.286Z] [work-queue] {"queueLength":0,"workRunningCount":1}
[debug] [2020-06-10T17:22:53.287Z] Accepted request GET /instaclon-96907/us-central1/api/posts --> api
[debug] [2020-06-10T17:22:53.287Z] [worker-pool] submitWork(triggerId=api) {"metadata":{"emulator":{"name":"functions"},"message":"[worker-pool] submitWork(triggerId=api)"}}
[debug] [2020-06-10T17:22:53.287Z] [worker-api-7f7b2b6f-3c72-46ed-9c4f-1c48cc04c871]: Assigning socketPath: /var/folders/c0/j75wzxs51sv73sjr4v_wb4g80000gn/T/fire_emu_5911.sock {"metadata":{"emulator":{"name":"functions"},"message":"[worker-api-7f7b2b6f-3c72-46ed-9c4f-1c48cc04c871]: Assigning socketPath: /var/folders/c0/j75wzxs51sv73sjr4v_wb4g80000gn/T/fire_emu_5911.sock"}}
[debug] [2020-06-10T17:22:53.287Z] [worker-api-7f7b2b6f-3c72-46ed-9c4f-1c48cc04c871]: BUSY {"metadata":{"emulator":{"name":"functions"},"message":"[worker-api-7f7b2b6f-3c72-46ed-9c4f-1c48cc04c871]: BUSY"}}
[debug] [2020-06-10T17:22:53.288Z] [runtime-status] [5911] Trigger "api" has been found, beginning invocation! {"metadata":{"emulator":{"name":"functions"},"function":{"name":"api"},"message":"[runtime-status] [5911] Trigger \"api\" has been found, beginning invocation!"}}
[info] i  functions: Beginning execution of "api" {"metadata":{"emulator":{"name":"functions"},"function":{"name":"api"},"message":"Beginning execution of \"api\""}}
[debug] [2020-06-10T17:22:53.289Z] [runtime-status] [5911] triggerDefinition {"httpsTrigger":{},"name":"api","entryPoint":"api"} {"metadata":{"emulator":{"name":"functions"},"function":{"name":"api"},"message":"[runtime-status] [5911] triggerDefinition {\"httpsTrigger\":{},\"name\":\"api\",\"entryPoint\":\"api\"}"}}
[debug] [2020-06-10T17:22:53.289Z] [runtime-status] [5911] Running api in mode HTTPS {"metadata":{"emulator":{"name":"functions"},"function":{"name":"api"},"message":"[runtime-status] [5911] Running api in mode HTTPS"}}
[debug] [2020-06-10T17:22:53.290Z] [runtime-status] [5911] Attempting to listen to socketPath: /var/folders/c0/j75wzxs51sv73sjr4v_wb4g80000gn/T/fire_emu_5911.sock {"metadata":{"emulator":{"name":"functions"},"function":{"name":"api"},"message":"[runtime-status] [5911] Attempting to listen to socketPath: /var/folders/c0/j75wzxs51sv73sjr4v_wb4g80000gn/T/fire_emu_5911.sock"}}
[debug] [2020-06-10T17:22:53.294Z] [functions] Runtime ready! Sending request! {"metadata":{"emulator":{"name":"functions"},"message":"[functions] Runtime ready! Sending request!"}}
[debug] [2020-06-10T17:22:53.304Z] [runtime-status] [5911] Ephemeral server handling GET request {"metadata":{"emulator":{"name":"functions"},"function":{"name":"api"},"message":"[runtime-status] [5911] Ephemeral server handling GET request"}}
[debug] [2020-06-10T17:22:53.305Z] [runtime-status] [5911] Ephemeral server survived. {"metadata":{"emulator":{"name":"functions"},"function":{"name":"api"},"message":"[runtime-status] [5911] Ephemeral server survived."}}
[info] i  functions: Finished "api" in ~1s {"metadata":{"emulator":{"name":"functions"},"function":{"name":"api"},"message":"Finished \"api\" in ~1s"}}
[debug] [2020-06-10T17:22:53.308Z] [worker-api-7f7b2b6f-3c72-46ed-9c4f-1c48cc04c871]: IDLE {"metadata":{"emulator":{"name":"functions"},"message":"[worker-api-7f7b2b6f-3c72-46ed-9c4f-1c48cc04c871]: IDLE"}}
[debug] [2020-06-10T17:22:53.309Z] [work-queue] {"queueLength":0,"workRunningCount":0}
[debug] [2020-06-10T17:23:04.159Z] [work-queue] {"queueLength":1,"workRunningCount":0}
[debug] [2020-06-10T17:23:04.160Z] [work-queue] {"queueLength":0,"workRunningCount":1}
[debug] [2020-06-10T17:23:04.160Z] FirebaseError: No trigger with name favicon.ico {"metadata":{"emulator":{"name":"functions"},"message":{"name":"FirebaseError","children":[],"exit":1,"message":"No trigger with name favicon.ico","status":500}}}
[debug] [2020-06-10T17:23:04.161Z] [work-queue] {"queueLength":0,"workRunningCount":0}
[debug] [2020-06-10T17:24:01.484Z] [work-queue] {"queueLength":1,"workRunningCount":0}
[debug] [2020-06-10T17:24:01.485Z] [work-queue] {"queueLength":0,"workRunningCount":1}
[debug] [2020-06-10T17:24:01.485Z] Accepted request GET /instaclon-96907/us-central1/api/posts --> api
[debug] [2020-06-10T17:24:01.485Z] [worker-pool] submitWork(triggerId=api) {"metadata":{"emulator":{"name":"functions"},"message":"[worker-pool] submitWork(triggerId=api)"}}
[debug] [2020-06-10T17:24:01.485Z] [worker-api-7f7b2b6f-3c72-46ed-9c4f-1c48cc04c871]: Assigning socketPath: /var/folders/c0/j75wzxs51sv73sjr4v_wb4g80000gn/T/fire_emu_5911.sock {"metadata":{"emulator":{"name":"functions"},"message":"[worker-api-7f7b2b6f-3c72-46ed-9c4f-1c48cc04c871]: Assigning socketPath: /var/folders/c0/j75wzxs51sv73sjr4v_wb4g80000gn/T/fire_emu_5911.sock"}}
[debug] [2020-06-10T17:24:01.485Z] [worker-api-7f7b2b6f-3c72-46ed-9c4f-1c48cc04c871]: BUSY {"metadata":{"emulator":{"name":"functions"},"message":"[worker-api-7f7b2b6f-3c72-46ed-9c4f-1c48cc04c871]: BUSY"}}
[debug] [2020-06-10T17:24:01.486Z] [runtime-status] [5911] Trigger "api" has been found, beginning invocation! {"metadata":{"emulator":{"name":"functions"},"function":{"name":"api"},"message":"[runtime-status] [5911] Trigger \"api\" has been found, beginning invocation!"}}
[info] i  functions: Beginning execution of "api" {"metadata":{"emulator":{"name":"functions"},"function":{"name":"api"},"message":"Beginning execution of \"api\""}}
[debug] [2020-06-10T17:24:01.487Z] [runtime-status] [5911] triggerDefinition {"httpsTrigger":{},"name":"api","entryPoint":"api"} {"metadata":{"emulator":{"name":"functions"},"function":{"name":"api"},"message":"[runtime-status] [5911] triggerDefinition {\"httpsTrigger\":{},\"name\":\"api\",\"entryPoint\":\"api\"}"}}
[debug] [2020-06-10T17:24:01.487Z] [runtime-status] [5911] Running api in mode HTTPS {"metadata":{"emulator":{"name":"functions"},"function":{"name":"api"},"message":"[runtime-status] [5911] Running api in mode HTTPS"}}
[debug] [2020-06-10T17:24:01.488Z] [runtime-status] [5911] Attempting to listen to socketPath: /var/folders/c0/j75wzxs51sv73sjr4v_wb4g80000gn/T/fire_emu_5911.sock {"metadata":{"emulator":{"name":"functions"},"function":{"name":"api"},"message":"[runtime-status] [5911] Attempting to listen to socketPath: /var/folders/c0/j75wzxs51sv73sjr4v_wb4g80000gn/T/fire_emu_5911.sock"}}
[debug] [2020-06-10T17:24:01.490Z] [functions] Runtime ready! Sending request! {"metadata":{"emulator":{"name":"functions"},"message":"[functions] Runtime ready! Sending request!"}}
[debug] [2020-06-10T17:24:01.495Z] [runtime-status] [5911] Ephemeral server handling GET request {"metadata":{"emulator":{"name":"functions"},"function":{"name":"api"},"message":"[runtime-status] [5911] Ephemeral server handling GET request"}}
[debug] [2020-06-10T17:24:01.496Z] [runtime-status] [5911] Ephemeral server survived. {"metadata":{"emulator":{"name":"functions"},"function":{"name":"api"},"message":"[runtime-status] [5911] Ephemeral server survived."}}
[info] i  functions: Finished "api" in ~1s {"metadata":{"emulator":{"name":"functions"},"function":{"name":"api"},"message":"Finished \"api\" in ~1s"}}
[debug] [2020-06-10T17:24:01.498Z] [worker-api-7f7b2b6f-3c72-46ed-9c4f-1c48cc04c871]: IDLE {"metadata":{"emulator":{"name":"functions"},"message":"[worker-api-7f7b2b6f-3c72-46ed-9c4f-1c48cc04c871]: IDLE"}}
[debug] [2020-06-10T17:24:01.499Z] [work-queue] {"queueLength":0,"workRunningCount":0}
[debug] [2020-06-10T17:24:49.508Z] [work-queue] {"queueLength":1,"workRunningCount":0}
[debug] [2020-06-10T17:24:49.509Z] [work-queue] {"queueLength":0,"workRunningCount":1}
[debug] [2020-06-10T17:24:49.509Z] FirebaseError: No trigger with name app {"metadata":{"emulator":{"name":"functions"},"message":{"name":"FirebaseError","children":[],"exit":1,"message":"No trigger with name app","status":500}}}
[debug] [2020-06-10T17:24:49.509Z] [work-queue] {"queueLength":0,"workRunningCount":0}
[debug] [2020-06-10T17:24:52.149Z] [work-queue] {"queueLength":1,"workRunningCount":0}
[debug] [2020-06-10T17:24:52.149Z] [work-queue] {"queueLength":0,"workRunningCount":1}
[debug] [2020-06-10T17:24:52.150Z] FirebaseError: No trigger with name app {"metadata":{"emulator":{"name":"functions"},"message":{"name":"FirebaseError","children":[],"exit":1,"message":"No trigger with name app","status":500}}}
[debug] [2020-06-10T17:24:52.150Z] [work-queue] {"queueLength":0,"workRunningCount":0}
[debug] [2020-06-10T17:24:56.030Z] [work-queue] {"queueLength":1,"workRunningCount":0}
[debug] [2020-06-10T17:24:56.031Z] [work-queue] {"queueLength":0,"workRunningCount":1}
[debug] [2020-06-10T17:24:56.031Z] Accepted request GET /instaclon-96907/us-central1/api/posts --> api
[debug] [2020-06-10T17:24:56.031Z] [worker-pool] submitWork(triggerId=api) {"metadata":{"emulator":{"name":"functions"},"message":"[worker-pool] submitWork(triggerId=api)"}}
[debug] [2020-06-10T17:24:56.031Z] [worker-api-7f7b2b6f-3c72-46ed-9c4f-1c48cc04c871]: Assigning socketPath: /var/folders/c0/j75wzxs51sv73sjr4v_wb4g80000gn/T/fire_emu_5911.sock {"metadata":{"emulator":{"name":"functions"},"message":"[worker-api-7f7b2b6f-3c72-46ed-9c4f-1c48cc04c871]: Assigning socketPath: /var/folders/c0/j75wzxs51sv73sjr4v_wb4g80000gn/T/fire_emu_5911.sock"}}
[debug] [2020-06-10T17:24:56.031Z] [worker-api-7f7b2b6f-3c72-46ed-9c4f-1c48cc04c871]: BUSY {"metadata":{"emulator":{"name":"functions"},"message":"[worker-api-7f7b2b6f-3c72-46ed-9c4f-1c48cc04c871]: BUSY"}}
[debug] [2020-06-10T17:24:56.032Z] [runtime-status] [5911] Trigger "api" has been found, beginning invocation! {"metadata":{"emulator":{"name":"functions"},"function":{"name":"api"},"message":"[runtime-status] [5911] Trigger \"api\" has been found, beginning invocation!"}}
[info] i  functions: Beginning execution of "api" {"metadata":{"emulator":{"name":"functions"},"function":{"name":"api"},"message":"Beginning execution of \"api\""}}
[debug] [2020-06-10T17:24:56.033Z] [runtime-status] [5911] triggerDefinition {"httpsTrigger":{},"name":"api","entryPoint":"api"} {"metadata":{"emulator":{"name":"functions"},"function":{"name":"api"},"message":"[runtime-status] [5911] triggerDefinition {\"httpsTrigger\":{},\"name\":\"api\",\"entryPoint\":\"api\"}"}}
[debug] [2020-06-10T17:24:56.033Z] [runtime-status] [5911] Running api in mode HTTPS {"metadata":{"emulator":{"name":"functions"},"function":{"name":"api"},"message":"[runtime-status] [5911] Running api in mode HTTPS"}}
[debug] [2020-06-10T17:24:56.033Z] [runtime-status] [5911] Attempting to listen to socketPath: /var/folders/c0/j75wzxs51sv73sjr4v_wb4g80000gn/T/fire_emu_5911.sock {"metadata":{"emulator":{"name":"functions"},"function":{"name":"api"},"message":"[runtime-status] [5911] Attempting to listen to socketPath: /var/folders/c0/j75wzxs51sv73sjr4v_wb4g80000gn/T/fire_emu_5911.sock"}}
[debug] [2020-06-10T17:24:56.039Z] [functions] Runtime ready! Sending request! {"metadata":{"emulator":{"name":"functions"},"message":"[functions] Runtime ready! Sending request!"}}
[debug] [2020-06-10T17:24:56.047Z] [runtime-status] [5911] Ephemeral server handling GET request {"metadata":{"emulator":{"name":"functions"},"function":{"name":"api"},"message":"[runtime-status] [5911] Ephemeral server handling GET request"}}
[debug] [2020-06-10T17:24:56.049Z] [runtime-status] [5911] Ephemeral server survived. {"metadata":{"emulator":{"name":"functions"},"function":{"name":"api"},"message":"[runtime-status] [5911] Ephemeral server survived."}}
[info] i  functions: Finished "api" in ~1s {"metadata":{"emulator":{"name":"functions"},"function":{"name":"api"},"message":"Finished \"api\" in ~1s"}}
[debug] [2020-06-10T17:24:56.054Z] [worker-api-7f7b2b6f-3c72-46ed-9c4f-1c48cc04c871]: IDLE {"metadata":{"emulator":{"name":"functions"},"message":"[worker-api-7f7b2b6f-3c72-46ed-9c4f-1c48cc04c871]: IDLE"}}
[debug] [2020-06-10T17:24:56.055Z] [work-queue] {"queueLength":0,"workRunningCount":0}
[debug] [2020-06-10T17:25:42.124Z] [work-queue] {"queueLength":1,"workRunningCount":0}
[debug] [2020-06-10T17:25:42.124Z] [work-queue] {"queueLength":0,"workRunningCount":1}
[debug] [2020-06-10T17:25:42.125Z] Accepted request GET /instaclon-96907/us-central1/api/posts --> api
[debug] [2020-06-10T17:25:42.125Z] [worker-pool] submitWork(triggerId=api) {"metadata":{"emulator":{"name":"functions"},"message":"[worker-pool] submitWork(triggerId=api)"}}
[debug] [2020-06-10T17:25:42.125Z] [worker-api-7f7b2b6f-3c72-46ed-9c4f-1c48cc04c871]: Assigning socketPath: /var/folders/c0/j75wzxs51sv73sjr4v_wb4g80000gn/T/fire_emu_5911.sock {"metadata":{"emulator":{"name":"functions"},"message":"[worker-api-7f7b2b6f-3c72-46ed-9c4f-1c48cc04c871]: Assigning socketPath: /var/folders/c0/j75wzxs51sv73sjr4v_wb4g80000gn/T/fire_emu_5911.sock"}}
[debug] [2020-06-10T17:25:42.125Z] [worker-api-7f7b2b6f-3c72-46ed-9c4f-1c48cc04c871]: BUSY {"metadata":{"emulator":{"name":"functions"},"message":"[worker-api-7f7b2b6f-3c72-46ed-9c4f-1c48cc04c871]: BUSY"}}
[debug] [2020-06-10T17:25:42.126Z] [runtime-status] [5911] Trigger "api" has been found, beginning invocation! {"metadata":{"emulator":{"name":"functions"},"function":{"name":"api"},"message":"[runtime-status] [5911] Trigger \"api\" has been found, beginning invocation!"}}
[info] i  functions: Beginning execution of "api" {"metadata":{"emulator":{"name":"functions"},"function":{"name":"api"},"message":"Beginning execution of \"api\""}}
[debug] [2020-06-10T17:25:42.126Z] [runtime-status] [5911] triggerDefinition {"httpsTrigger":{},"name":"api","entryPoint":"api"} {"metadata":{"emulator":{"name":"functions"},"function":{"name":"api"},"message":"[runtime-status] [5911] triggerDefinition {\"httpsTrigger\":{},\"name\":\"api\",\"entryPoint\":\"api\"}"}}
[debug] [2020-06-10T17:25:42.127Z] [runtime-status] [5911] Running api in mode HTTPS {"metadata":{"emulator":{"name":"functions"},"function":{"name":"api"},"message":"[runtime-status] [5911] Running api in mode HTTPS"}}
[debug] [2020-06-10T17:25:42.127Z] [runtime-status] [5911] Attempting to listen to socketPath: /var/folders/c0/j75wzxs51sv73sjr4v_wb4g80000gn/T/fire_emu_5911.sock {"metadata":{"emulator":{"name":"functions"},"function":{"name":"api"},"message":"[runtime-status] [5911] Attempting to listen to socketPath: /var/folders/c0/j75wzxs51sv73sjr4v_wb4g80000gn/T/fire_emu_5911.sock"}}
[debug] [2020-06-10T17:25:42.131Z] [functions] Runtime ready! Sending request! {"metadata":{"emulator":{"name":"functions"},"message":"[functions] Runtime ready! Sending request!"}}
[debug] [2020-06-10T17:25:42.138Z] [runtime-status] [5911] Ephemeral server handling GET request {"metadata":{"emulator":{"name":"functions"},"function":{"name":"api"},"message":"[runtime-status] [5911] Ephemeral server handling GET request"}}
[debug] [2020-06-10T17:25:42.140Z] [runtime-status] [5911] Ephemeral server survived. {"metadata":{"emulator":{"name":"functions"},"function":{"name":"api"},"message":"[runtime-status] [5911] Ephemeral server survived."}}
[info] i  functions: Finished "api" in ~1s {"metadata":{"emulator":{"name":"functions"},"function":{"name":"api"},"message":"Finished \"api\" in ~1s"}}
[debug] [2020-06-10T17:25:42.149Z] [worker-api-7f7b2b6f-3c72-46ed-9c4f-1c48cc04c871]: IDLE {"metadata":{"emulator":{"name":"functions"},"message":"[worker-api-7f7b2b6f-3c72-46ed-9c4f-1c48cc04c871]: IDLE"}}
[debug] [2020-06-10T17:25:42.150Z] [work-queue] {"queueLength":0,"workRunningCount":0}
